Command line:
   ram_tb.exe
     -simmode  gui
     -simrunnum  0
     -socket  53021

Sat Jul  4 18:44:38 2015


 Elaboration Time: 0.03 sec

 Current Memory Usage: 184.361 Meg

 Total Signals          : 377
 Total Nets             : 2888
 Total Signal Drivers   : 125
 Total Blocks           : 51
 Total Primitive Blocks : 25
 Total Processes        : 91
 Total Traceable Variables  : 266
 Total Scalar Nets and Variables : 4653
Total Line Count : 516

** Failure:Test Completed Successfully
User(VHDL) Code Called Simulation Stop
In process ram_tb.vhd:109 
 


 Total Simulation Time: 0.06 sec

 Current Memory Usage: 259.863 Meg

Sat Jul  4 18:45:33 2015

